{"/home/fofack/Desktop/demo/js/app.js": {"path":"/home/fofack/Desktop/demo/js/app.js","statementMap":{"0":{"start":{"line":6,"column":13},"end":{"line":12,"column":1}},"1":{"start":{"line":8,"column":4},"end":{"line":11,"column":6}},"2":{"start":{"line":14,"column":0},"end":{"line":14,"column":7}}},"fnMap":{"0":{"name":"(anonymous_0)","decl":{"start":{"line":6,"column":13},"end":{"line":6,"column":14}},"loc":{"start":{"line":6,"column":25},"end":{"line":12,"column":1}},"line":6}},"branchMap":{},"s":{"0":0,"1":0,"2":0},"f":{"0":0},"b":{}}
,"/home/fofack/Desktop/demo/js/element-closer.js": {"path":"/home/fofack/Desktop/demo/js/element-closer.js","statementMap":{"0":{"start":{"line":3,"column":31},"end":{"line":21,"column":1}},"1":{"start":{"line":4,"column":20},"end":{"line":4,"column":59}},"2":{"start":{"line":5,"column":4},"end":{"line":20,"column":7}},"3":{"start":{"line":6,"column":26},"end":{"line":6,"column":62}},"4":{"start":{"line":7,"column":24},"end":{"line":7,"column":63}},"5":{"start":{"line":8,"column":8},"end":{"line":12,"column":11}},"6":{"start":{"line":9,"column":12},"end":{"line":9,"column":35}},"7":{"start":{"line":10,"column":12},"end":{"line":10,"column":33}},"8":{"start":{"line":11,"column":12},"end":{"line":11,"column":25}},"9":{"start":{"line":13,"column":8},"end":{"line":19,"column":11}},"10":{"start":{"line":14,"column":12},"end":{"line":17,"column":13}},"11":{"start":{"line":15,"column":16},"end":{"line":15,"column":39}},"12":{"start":{"line":16,"column":16},"end":{"line":16,"column":37}},"13":{"start":{"line":18,"column":12},"end":{"line":18,"column":25}}},"fnMap":{"0":{"name":"(anonymous_0)","decl":{"start":{"line":3,"column":31},"end":{"line":3,"column":32}},"loc":{"start":{"line":3,"column":43},"end":{"line":21,"column":1}},"line":3},"1":{"name":"(anonymous_1)","decl":{"start":{"line":5,"column":20},"end":{"line":5,"column":21}},"loc":{"start":{"line":5,"column":32},"end":{"line":20,"column":5}},"line":5},"2":{"name":"(anonymous_2)","decl":{"start":{"line":8,"column":41},"end":{"line":8,"column":42}},"loc":{"start":{"line":8,"column":52},"end":{"line":12,"column":9}},"line":8},"3":{"name":"(anonymous_3)","decl":{"start":{"line":13,"column":44},"end":{"line":13,"column":45}},"loc":{"start":{"line":13,"column":55},"end":{"line":19,"column":9}},"line":13}},"branchMap":{"0":{"loc":{"start":{"line":14,"column":12},"end":{"line":17,"column":13}},"type":"if","locations":[{"start":{"line":14,"column":12},"end":{"line":17,"column":13}},{"start":{},"end":{}}],"line":14}},"s":{"0":1,"1":8,"2":8,"3":24,"4":24,"5":24,"6":11,"7":11,"8":11,"9":24,"10":2,"11":1,"12":1,"13":2},"f":{"0":8,"1":24,"2":11,"3":2},"b":{"0":[1,1]},"_coverageSchema":"1a1c01bbd47fc00a2c39e90264f33305004495a9","hash":"c2af58c7944df66f24564651d15278669e9e323f"}
,"/home/fofack/Desktop/demo/js/form-validator.js": {"path":"/home/fofack/Desktop/demo/js/form-validator.js","statementMap":{"0":{"start":{"line":1,"column":24},"end":{"line":1,"column":35}},"1":{"start":{"line":2,"column":24},"end":{"line":2,"column":35}},"2":{"start":{"line":3,"column":27},"end":{"line":3,"column":40}},"3":{"start":{"line":4,"column":27},"end":{"line":4,"column":40}},"4":{"start":{"line":5,"column":19},"end":{"line":5,"column":26}},"5":{"start":{"line":6,"column":20},"end":{"line":6,"column":34}},"6":{"start":{"line":8,"column":30},"end":{"line":23,"column":1}},"7":{"start":{"line":9,"column":4},"end":{"line":21,"column":5}},"8":{"start":{"line":10,"column":24},"end":{"line":10,"column":138}},"9":{"start":{"line":11,"column":8},"end":{"line":13,"column":9}},"10":{"start":{"line":12,"column":12},"end":{"line":12,"column":58}},"11":{"start":{"line":14,"column":8},"end":{"line":14,"column":21}},"12":{"start":{"line":18,"column":8},"end":{"line":20,"column":9}},"13":{"start":{"line":19,"column":12},"end":{"line":19,"column":52}},"14":{"start":{"line":22,"column":4},"end":{"line":22,"column":16}},"15":{"start":{"line":25,"column":32},"end":{"line":50,"column":1}},"16":{"start":{"line":26,"column":4},"end":{"line":26,"column":32}},"17":{"start":{"line":27,"column":4},"end":{"line":48,"column":5}},"18":{"start":{"line":28,"column":8},"end":{"line":30,"column":9}},"19":{"start":{"line":29,"column":12},"end":{"line":29,"column":92}},"20":{"start":{"line":31,"column":8},"end":{"line":31,"column":21}},"21":{"start":{"line":35,"column":8},"end":{"line":47,"column":9}},"22":{"start":{"line":36,"column":28},"end":{"line":36,"column":142}},"23":{"start":{"line":37,"column":12},"end":{"line":39,"column":13}},"24":{"start":{"line":38,"column":16},"end":{"line":38,"column":62}},"25":{"start":{"line":40,"column":12},"end":{"line":40,"column":25}},"26":{"start":{"line":44,"column":12},"end":{"line":46,"column":13}},"27":{"start":{"line":45,"column":16},"end":{"line":45,"column":56}},"28":{"start":{"line":49,"column":4},"end":{"line":49,"column":16}},"29":{"start":{"line":52,"column":32},"end":{"line":77,"column":1}},"30":{"start":{"line":53,"column":4},"end":{"line":53,"column":32}},"31":{"start":{"line":54,"column":4},"end":{"line":75,"column":5}},"32":{"start":{"line":55,"column":8},"end":{"line":57,"column":9}},"33":{"start":{"line":56,"column":12},"end":{"line":56,"column":92}},"34":{"start":{"line":58,"column":8},"end":{"line":58,"column":21}},"35":{"start":{"line":62,"column":8},"end":{"line":74,"column":9}},"36":{"start":{"line":63,"column":28},"end":{"line":63,"column":142}},"37":{"start":{"line":64,"column":12},"end":{"line":66,"column":13}},"38":{"start":{"line":65,"column":16},"end":{"line":65,"column":62}},"39":{"start":{"line":67,"column":12},"end":{"line":67,"column":25}},"40":{"start":{"line":71,"column":12},"end":{"line":73,"column":13}},"41":{"start":{"line":72,"column":16},"end":{"line":72,"column":56}},"42":{"start":{"line":76,"column":4},"end":{"line":76,"column":16}},"43":{"start":{"line":79,"column":26},"end":{"line":94,"column":1}},"44":{"start":{"line":80,"column":4},"end":{"line":92,"column":5}},"45":{"start":{"line":81,"column":24},"end":{"line":81,"column":111}},"46":{"start":{"line":82,"column":8},"end":{"line":84,"column":9}},"47":{"start":{"line":83,"column":12},"end":{"line":83,"column":58}},"48":{"start":{"line":85,"column":8},"end":{"line":85,"column":21}},"49":{"start":{"line":89,"column":8},"end":{"line":91,"column":9}},"50":{"start":{"line":90,"column":12},"end":{"line":90,"column":52}},"51":{"start":{"line":93,"column":4},"end":{"line":93,"column":16}},"52":{"start":{"line":96,"column":34},"end":{"line":123,"column":1}},"53":{"start":{"line":97,"column":4},"end":{"line":122,"column":5}},"54":{"start":{"line":98,"column":22},"end":{"line":98,"column":47}},"55":{"start":{"line":99,"column":24},"end":{"line":99,"column":33}},"56":{"start":{"line":100,"column":8},"end":{"line":102,"column":9}},"57":{"start":{"line":101,"column":12},"end":{"line":101,"column":95}},"58":{"start":{"line":103,"column":20},"end":{"line":103,"column":31}},"59":{"start":{"line":104,"column":23},"end":{"line":104,"column":28}},"60":{"start":{"line":105,"column":8},"end":{"line":120,"column":11}},"61":{"start":{"line":106,"column":12},"end":{"line":119,"column":13}},"62":{"start":{"line":107,"column":16},"end":{"line":109,"column":17}},"63":{"start":{"line":108,"column":20},"end":{"line":108,"column":88}},"64":{"start":{"line":110,"column":16},"end":{"line":112,"column":17}},"65":{"start":{"line":111,"column":20},"end":{"line":111,"column":90}},"66":{"start":{"line":113,"column":16},"end":{"line":115,"column":17}},"67":{"start":{"line":114,"column":20},"end":{"line":114,"column":90}},"68":{"start":{"line":116,"column":16},"end":{"line":118,"column":17}},"69":{"start":{"line":117,"column":20},"end":{"line":117,"column":84}},"70":{"start":{"line":121,"column":8},"end":{"line":121,"column":25}},"71":{"start":{"line":125,"column":12},"end":{"line":133,"column":1}},"72":{"start":{"line":126,"column":14},"end":{"line":126,"column":18}},"73":{"start":{"line":127,"column":4},"end":{"line":131,"column":5}},"74":{"start":{"line":128,"column":8},"end":{"line":130,"column":11}},"75":{"start":{"line":129,"column":12},"end":{"line":129,"column":30}},"76":{"start":{"line":132,"column":4},"end":{"line":132,"column":15}},"77":{"start":{"line":136,"column":34},"end":{"line":171,"column":1}},"78":{"start":{"line":137,"column":18},"end":{"line":137,"column":20}},"79":{"start":{"line":138,"column":4},"end":{"line":145,"column":5}},"80":{"start":{"line":139,"column":23},"end":{"line":139,"column":77}},"81":{"start":{"line":140,"column":21},"end":{"line":140,"column":40}},"82":{"start":{"line":141,"column":8},"end":{"line":143,"column":9}},"83":{"start":{"line":142,"column":12},"end":{"line":142,"column":82}},"84":{"start":{"line":144,"column":8},"end":{"line":144,"column":25}},"85":{"start":{"line":146,"column":4},"end":{"line":153,"column":5}},"86":{"start":{"line":147,"column":20},"end":{"line":147,"column":72}},"87":{"start":{"line":148,"column":21},"end":{"line":148,"column":39}},"88":{"start":{"line":149,"column":8},"end":{"line":151,"column":9}},"89":{"start":{"line":150,"column":12},"end":{"line":150,"column":80}},"90":{"start":{"line":152,"column":8},"end":{"line":152,"column":25}},"91":{"start":{"line":154,"column":4},"end":{"line":161,"column":5}},"92":{"start":{"line":155,"column":20},"end":{"line":155,"column":72}},"93":{"start":{"line":156,"column":21},"end":{"line":156,"column":39}},"94":{"start":{"line":157,"column":8},"end":{"line":159,"column":9}},"95":{"start":{"line":158,"column":12},"end":{"line":158,"column":80}},"96":{"start":{"line":160,"column":8},"end":{"line":160,"column":25}},"97":{"start":{"line":162,"column":4},"end":{"line":169,"column":5}},"98":{"start":{"line":163,"column":23},"end":{"line":163,"column":76}},"99":{"start":{"line":164,"column":21},"end":{"line":164,"column":36}},"100":{"start":{"line":165,"column":8},"end":{"line":167,"column":9}},"101":{"start":{"line":166,"column":12},"end":{"line":166,"column":78}},"102":{"start":{"line":168,"column":8},"end":{"line":168,"column":25}},"103":{"start":{"line":170,"column":4},"end":{"line":170,"column":17}},"104":{"start":{"line":173,"column":38},"end":{"line":189,"column":1}},"105":{"start":{"line":174,"column":18},"end":{"line":174,"column":55}},"106":{"start":{"line":175,"column":1},"end":{"line":188,"column":4}},"107":{"start":{"line":176,"column":2},"end":{"line":187,"column":5}},"108":{"start":{"line":177,"column":31},"end":{"line":177,"column":70}},"109":{"start":{"line":178,"column":38},"end":{"line":178,"column":40}},"110":{"start":{"line":179,"column":12},"end":{"line":181,"column":15}},"111":{"start":{"line":180,"column":16},"end":{"line":180,"column":70}},"112":{"start":{"line":182,"column":3},"end":{"line":184,"column":4}},"113":{"start":{"line":183,"column":4},"end":{"line":183,"column":16}},"114":{"start":{"line":185,"column":3},"end":{"line":185,"column":26}},"115":{"start":{"line":186,"column":3},"end":{"line":186,"column":16}}},"fnMap":{"0":{"name":"(anonymous_0)","decl":{"start":{"line":8,"column":30},"end":{"line":8,"column":31}},"loc":{"start":{"line":8,"column":58},"end":{"line":23,"column":1}},"line":8},"1":{"name":"(anonymous_1)","decl":{"start":{"line":25,"column":32},"end":{"line":25,"column":33}},"loc":{"start":{"line":25,"column":60},"end":{"line":50,"column":1}},"line":25},"2":{"name":"(anonymous_2)","decl":{"start":{"line":52,"column":32},"end":{"line":52,"column":33}},"loc":{"start":{"line":52,"column":60},"end":{"line":77,"column":1}},"line":52},"3":{"name":"(anonymous_3)","decl":{"start":{"line":79,"column":26},"end":{"line":79,"column":27}},"loc":{"start":{"line":79,"column":54},"end":{"line":94,"column":1}},"line":79},"4":{"name":"(anonymous_4)","decl":{"start":{"line":96,"column":34},"end":{"line":96,"column":35}},"loc":{"start":{"line":96,"column":45},"end":{"line":123,"column":1}},"line":96},"5":{"name":"(anonymous_5)","decl":{"start":{"line":105,"column":22},"end":{"line":105,"column":23}},"loc":{"start":{"line":105,"column":30},"end":{"line":120,"column":9}},"line":105},"6":{"name":"(anonymous_6)","decl":{"start":{"line":125,"column":12},"end":{"line":125,"column":13}},"loc":{"start":{"line":125,"column":30},"end":{"line":133,"column":1}},"line":125},"7":{"name":"(anonymous_7)","decl":{"start":{"line":128,"column":29},"end":{"line":128,"column":30}},"loc":{"start":{"line":128,"column":39},"end":{"line":130,"column":9}},"line":128},"8":{"name":"(anonymous_8)","decl":{"start":{"line":136,"column":34},"end":{"line":136,"column":35}},"loc":{"start":{"line":136,"column":49},"end":{"line":171,"column":1}},"line":136},"9":{"name":"(anonymous_9)","decl":{"start":{"line":173,"column":38},"end":{"line":173,"column":39}},"loc":{"start":{"line":173,"column":44},"end":{"line":189,"column":1}},"line":173},"10":{"name":"(anonymous_10)","decl":{"start":{"line":175,"column":15},"end":{"line":175,"column":16}},"loc":{"start":{"line":175,"column":25},"end":{"line":188,"column":2}},"line":175},"11":{"name":"(anonymous_11)","decl":{"start":{"line":176,"column":34},"end":{"line":176,"column":35}},"loc":{"start":{"line":176,"column":45},"end":{"line":187,"column":3}},"line":176},"12":{"name":"(anonymous_12)","decl":{"start":{"line":179,"column":31},"end":{"line":179,"column":32}},"loc":{"start":{"line":179,"column":46},"end":{"line":181,"column":13}},"line":179}},"branchMap":{"0":{"loc":{"start":{"line":9,"column":4},"end":{"line":21,"column":5}},"type":"if","locations":[{"start":{"line":9,"column":4},"end":{"line":21,"column":5}},{"start":{"line":17,"column":4},"end":{"line":21,"column":5}}],"line":9},"1":{"loc":{"start":{"line":10,"column":24},"end":{"line":10,"column":138}},"type":"cond-expr","locations":[{"start":{"line":10,"column":44},"end":{"line":10,"column":61}},{"start":{"line":10,"column":64},"end":{"line":10,"column":138}}],"line":10},"2":{"loc":{"start":{"line":11,"column":8},"end":{"line":13,"column":9}},"type":"if","locations":[{"start":{"line":11,"column":8},"end":{"line":13,"column":9}},{"start":{},"end":{}}],"line":11},"3":{"loc":{"start":{"line":18,"column":8},"end":{"line":20,"column":9}},"type":"if","locations":[{"start":{"line":18,"column":8},"end":{"line":20,"column":9}},{"start":{},"end":{}}],"line":18},"4":{"loc":{"start":{"line":27,"column":4},"end":{"line":48,"column":5}},"type":"if","locations":[{"start":{"line":27,"column":4},"end":{"line":48,"column":5}},{"start":{"line":34,"column":4},"end":{"line":48,"column":5}}],"line":27},"5":{"loc":{"start":{"line":28,"column":8},"end":{"line":30,"column":9}},"type":"if","locations":[{"start":{"line":28,"column":8},"end":{"line":30,"column":9}},{"start":{},"end":{}}],"line":28},"6":{"loc":{"start":{"line":35,"column":8},"end":{"line":47,"column":9}},"type":"if","locations":[{"start":{"line":35,"column":8},"end":{"line":47,"column":9}},{"start":{"line":43,"column":8},"end":{"line":47,"column":9}}],"line":35},"7":{"loc":{"start":{"line":36,"column":28},"end":{"line":36,"column":142}},"type":"cond-expr","locations":[{"start":{"line":36,"column":48},"end":{"line":36,"column":65}},{"start":{"line":36,"column":68},"end":{"line":36,"column":142}}],"line":36},"8":{"loc":{"start":{"line":37,"column":12},"end":{"line":39,"column":13}},"type":"if","locations":[{"start":{"line":37,"column":12},"end":{"line":39,"column":13}},{"start":{},"end":{}}],"line":37},"9":{"loc":{"start":{"line":44,"column":12},"end":{"line":46,"column":13}},"type":"if","locations":[{"start":{"line":44,"column":12},"end":{"line":46,"column":13}},{"start":{},"end":{}}],"line":44},"10":{"loc":{"start":{"line":54,"column":4},"end":{"line":75,"column":5}},"type":"if","locations":[{"start":{"line":54,"column":4},"end":{"line":75,"column":5}},{"start":{"line":61,"column":4},"end":{"line":75,"column":5}}],"line":54},"11":{"loc":{"start":{"line":55,"column":8},"end":{"line":57,"column":9}},"type":"if","locations":[{"start":{"line":55,"column":8},"end":{"line":57,"column":9}},{"start":{},"end":{}}],"line":55},"12":{"loc":{"start":{"line":62,"column":8},"end":{"line":74,"column":9}},"type":"if","locations":[{"start":{"line":62,"column":8},"end":{"line":74,"column":9}},{"start":{"line":70,"column":8},"end":{"line":74,"column":9}}],"line":62},"13":{"loc":{"start":{"line":63,"column":28},"end":{"line":63,"column":142}},"type":"cond-expr","locations":[{"start":{"line":63,"column":48},"end":{"line":63,"column":65}},{"start":{"line":63,"column":68},"end":{"line":63,"column":142}}],"line":63},"14":{"loc":{"start":{"line":64,"column":12},"end":{"line":66,"column":13}},"type":"if","locations":[{"start":{"line":64,"column":12},"end":{"line":66,"column":13}},{"start":{},"end":{}}],"line":64},"15":{"loc":{"start":{"line":71,"column":12},"end":{"line":73,"column":13}},"type":"if","locations":[{"start":{"line":71,"column":12},"end":{"line":73,"column":13}},{"start":{},"end":{}}],"line":71},"16":{"loc":{"start":{"line":80,"column":4},"end":{"line":92,"column":5}},"type":"if","locations":[{"start":{"line":80,"column":4},"end":{"line":92,"column":5}},{"start":{"line":88,"column":4},"end":{"line":92,"column":5}}],"line":80},"17":{"loc":{"start":{"line":81,"column":24},"end":{"line":81,"column":111}},"type":"cond-expr","locations":[{"start":{"line":81,"column":44},"end":{"line":81,"column":61}},{"start":{"line":81,"column":64},"end":{"line":81,"column":111}}],"line":81},"18":{"loc":{"start":{"line":82,"column":8},"end":{"line":84,"column":9}},"type":"if","locations":[{"start":{"line":82,"column":8},"end":{"line":84,"column":9}},{"start":{},"end":{}}],"line":82},"19":{"loc":{"start":{"line":89,"column":8},"end":{"line":91,"column":9}},"type":"if","locations":[{"start":{"line":89,"column":8},"end":{"line":91,"column":9}},{"start":{},"end":{}}],"line":89},"20":{"loc":{"start":{"line":97,"column":4},"end":{"line":122,"column":5}},"type":"if","locations":[{"start":{"line":97,"column":4},"end":{"line":122,"column":5}},{"start":{},"end":{}}],"line":97},"21":{"loc":{"start":{"line":100,"column":8},"end":{"line":102,"column":9}},"type":"if","locations":[{"start":{"line":100,"column":8},"end":{"line":102,"column":9}},{"start":{},"end":{}}],"line":100},"22":{"loc":{"start":{"line":106,"column":12},"end":{"line":119,"column":13}},"type":"if","locations":[{"start":{"line":106,"column":12},"end":{"line":119,"column":13}},{"start":{},"end":{}}],"line":106},"23":{"loc":{"start":{"line":107,"column":16},"end":{"line":109,"column":17}},"type":"if","locations":[{"start":{"line":107,"column":16},"end":{"line":109,"column":17}},{"start":{},"end":{}}],"line":107},"24":{"loc":{"start":{"line":108,"column":31},"end":{"line":108,"column":87}},"type":"cond-expr","locations":[{"start":{"line":108,"column":72},"end":{"line":108,"column":80}},{"start":{"line":108,"column":83},"end":{"line":108,"column":87}}],"line":108},"25":{"loc":{"start":{"line":110,"column":16},"end":{"line":112,"column":17}},"type":"if","locations":[{"start":{"line":110,"column":16},"end":{"line":112,"column":17}},{"start":{},"end":{}}],"line":110},"26":{"loc":{"start":{"line":111,"column":31},"end":{"line":111,"column":89}},"type":"cond-expr","locations":[{"start":{"line":111,"column":74},"end":{"line":111,"column":82}},{"start":{"line":111,"column":85},"end":{"line":111,"column":89}}],"line":111},"27":{"loc":{"start":{"line":113,"column":16},"end":{"line":115,"column":17}},"type":"if","locations":[{"start":{"line":113,"column":16},"end":{"line":115,"column":17}},{"start":{},"end":{}}],"line":113},"28":{"loc":{"start":{"line":114,"column":31},"end":{"line":114,"column":89}},"type":"cond-expr","locations":[{"start":{"line":114,"column":74},"end":{"line":114,"column":82}},{"start":{"line":114,"column":85},"end":{"line":114,"column":89}}],"line":114},"29":{"loc":{"start":{"line":116,"column":16},"end":{"line":118,"column":17}},"type":"if","locations":[{"start":{"line":116,"column":16},"end":{"line":118,"column":17}},{"start":{},"end":{}}],"line":116},"30":{"loc":{"start":{"line":117,"column":31},"end":{"line":117,"column":83}},"type":"cond-expr","locations":[{"start":{"line":117,"column":68},"end":{"line":117,"column":76}},{"start":{"line":117,"column":79},"end":{"line":117,"column":83}}],"line":117},"31":{"loc":{"start":{"line":127,"column":4},"end":{"line":131,"column":5}},"type":"if","locations":[{"start":{"line":127,"column":4},"end":{"line":131,"column":5}},{"start":{},"end":{}}],"line":127},"32":{"loc":{"start":{"line":129,"column":18},"end":{"line":129,"column":29}},"type":"binary-expr","locations":[{"start":{"line":129,"column":18},"end":{"line":129,"column":21}},{"start":{"line":129,"column":25},"end":{"line":129,"column":29}}],"line":129},"33":{"loc":{"start":{"line":138,"column":4},"end":{"line":145,"column":5}},"type":"if","locations":[{"start":{"line":138,"column":4},"end":{"line":145,"column":5}},{"start":{},"end":{}}],"line":138},"34":{"loc":{"start":{"line":141,"column":8},"end":{"line":143,"column":9}},"type":"if","locations":[{"start":{"line":141,"column":8},"end":{"line":143,"column":9}},{"start":{},"end":{}}],"line":141},"35":{"loc":{"start":{"line":146,"column":4},"end":{"line":153,"column":5}},"type":"if","locations":[{"start":{"line":146,"column":4},"end":{"line":153,"column":5}},{"start":{},"end":{}}],"line":146},"36":{"loc":{"start":{"line":149,"column":8},"end":{"line":151,"column":9}},"type":"if","locations":[{"start":{"line":149,"column":8},"end":{"line":151,"column":9}},{"start":{},"end":{}}],"line":149},"37":{"loc":{"start":{"line":154,"column":4},"end":{"line":161,"column":5}},"type":"if","locations":[{"start":{"line":154,"column":4},"end":{"line":161,"column":5}},{"start":{},"end":{}}],"line":154},"38":{"loc":{"start":{"line":157,"column":8},"end":{"line":159,"column":9}},"type":"if","locations":[{"start":{"line":157,"column":8},"end":{"line":159,"column":9}},{"start":{},"end":{}}],"line":157},"39":{"loc":{"start":{"line":162,"column":4},"end":{"line":169,"column":5}},"type":"if","locations":[{"start":{"line":162,"column":4},"end":{"line":169,"column":5}},{"start":{},"end":{}}],"line":162},"40":{"loc":{"start":{"line":165,"column":8},"end":{"line":167,"column":9}},"type":"if","locations":[{"start":{"line":165,"column":8},"end":{"line":167,"column":9}},{"start":{},"end":{}}],"line":165},"41":{"loc":{"start":{"line":182,"column":3},"end":{"line":184,"column":4}},"type":"if","locations":[{"start":{"line":182,"column":3},"end":{"line":184,"column":4}},{"start":{},"end":{}}],"line":182}},"s":{"0":0,"1":0,"2":0,"3":0,"4":0,"5":0,"6":0,"7":0,"8":0,"9":0,"10":0,"11":0,"12":0,"13":0,"14":0,"15":0,"16":0,"17":0,"18":0,"19":0,"20":0,"21":0,"22":0,"23":0,"24":0,"25":0,"26":0,"27":0,"28":0,"29":0,"30":0,"31":0,"32":0,"33":0,"34":0,"35":0,"36":0,"37":0,"38":0,"39":0,"40":0,"41":0,"42":0,"43":0,"44":0,"45":0,"46":0,"47":0,"48":0,"49":0,"50":0,"51":0,"52":0,"53":0,"54":0,"55":0,"56":0,"57":0,"58":0,"59":0,"60":0,"61":0,"62":0,"63":0,"64":0,"65":0,"66":0,"67":0,"68":0,"69":0,"70":0,"71":0,"72":0,"73":0,"74":0,"75":0,"76":0,"77":0,"78":0,"79":0,"80":0,"81":0,"82":0,"83":0,"84":0,"85":0,"86":0,"87":0,"88":0,"89":0,"90":0,"91":0,"92":0,"93":0,"94":0,"95":0,"96":0,"97":0,"98":0,"99":0,"100":0,"101":0,"102":0,"103":0,"104":0,"105":0,"106":0,"107":0,"108":0,"109":0,"110":0,"111":0,"112":0,"113":0,"114":0,"115":0},"f":{"0":0,"1":0,"2":0,"3":0,"4":0,"5":0,"6":0,"7":0,"8":0,"9":0,"10":0,"11":0,"12":0},"b":{"0":[0,0],"1":[0,0],"2":[0,0],"3":[0,0],"4":[0,0],"5":[0,0],"6":[0,0],"7":[0,0],"8":[0,0],"9":[0,0],"10":[0,0],"11":[0,0],"12":[0,0],"13":[0,0],"14":[0,0],"15":[0,0],"16":[0,0],"17":[0,0],"18":[0,0],"19":[0,0],"20":[0,0],"21":[0,0],"22":[0,0],"23":[0,0],"24":[0,0],"25":[0,0],"26":[0,0],"27":[0,0],"28":[0,0],"29":[0,0],"30":[0,0],"31":[0,0],"32":[0,0],"33":[0,0],"34":[0,0],"35":[0,0],"36":[0,0],"37":[0,0],"38":[0,0],"39":[0,0],"40":[0,0],"41":[0,0]}}
,"/home/fofack/Desktop/demo/js/utils.js": {"path":"/home/fofack/Desktop/demo/js/utils.js","statementMap":{"0":{"start":{"line":1,"column":28},"end":{"line":8,"column":1}},"1":{"start":{"line":2,"column":4},"end":{"line":4,"column":5}},"2":{"start":{"line":3,"column":8},"end":{"line":3,"column":43}},"3":{"start":{"line":5,"column":4},"end":{"line":7,"column":5}},"4":{"start":{"line":6,"column":8},"end":{"line":6,"column":50}},"5":{"start":{"line":10,"column":27},"end":{"line":17,"column":1}},"6":{"start":{"line":11,"column":4},"end":{"line":13,"column":5}},"7":{"start":{"line":12,"column":8},"end":{"line":12,"column":43}},"8":{"start":{"line":14,"column":4},"end":{"line":16,"column":5}},"9":{"start":{"line":15,"column":8},"end":{"line":15,"column":53}},"10":{"start":{"line":19,"column":31},"end":{"line":21,"column":1}},"11":{"start":{"line":20,"column":4},"end":{"line":20,"column":110}},"12":{"start":{"line":23,"column":23},"end":{"line":27,"column":1}},"13":{"start":{"line":24,"column":4},"end":{"line":26,"column":19}},"14":{"start":{"line":25,"column":8},"end":{"line":25,"column":12}},"15":{"start":{"line":29,"column":26},"end":{"line":33,"column":1}},"16":{"start":{"line":30,"column":4},"end":{"line":32,"column":7}},"17":{"start":{"line":31,"column":8},"end":{"line":31,"column":18}}},"fnMap":{"0":{"name":"(anonymous_0)","decl":{"start":{"line":1,"column":28},"end":{"line":1,"column":29}},"loc":{"start":{"line":1,"column":47},"end":{"line":8,"column":1}},"line":1},"1":{"name":"(anonymous_1)","decl":{"start":{"line":10,"column":27},"end":{"line":10,"column":28}},"loc":{"start":{"line":10,"column":46},"end":{"line":17,"column":1}},"line":10},"2":{"name":"(anonymous_2)","decl":{"start":{"line":19,"column":31},"end":{"line":19,"column":32}},"loc":{"start":{"line":19,"column":50},"end":{"line":21,"column":1}},"line":19},"3":{"name":"(anonymous_3)","decl":{"start":{"line":23,"column":23},"end":{"line":23,"column":24}},"loc":{"start":{"line":23,"column":36},"end":{"line":27,"column":1}},"line":23},"4":{"name":"(anonymous_4)","decl":{"start":{"line":29,"column":26},"end":{"line":29,"column":27}},"loc":{"start":{"line":29,"column":40},"end":{"line":33,"column":1}},"line":29},"5":{"name":"(anonymous_5)","decl":{"start":{"line":30,"column":15},"end":{"line":30,"column":16}},"loc":{"start":{"line":30,"column":20},"end":{"line":32,"column":5}},"line":30}},"branchMap":{"0":{"loc":{"start":{"line":2,"column":4},"end":{"line":4,"column":5}},"type":"if","locations":[{"start":{"line":2,"column":4},"end":{"line":4,"column":5}},{"start":{},"end":{}}],"line":2},"1":{"loc":{"start":{"line":2,"column":8},"end":{"line":2,"column":55}},"type":"binary-expr","locations":[{"start":{"line":2,"column":8},"end":{"line":2,"column":15}},{"start":{"line":2,"column":19},"end":{"line":2,"column":55}}],"line":2},"2":{"loc":{"start":{"line":5,"column":4},"end":{"line":7,"column":5}},"type":"if","locations":[{"start":{"line":5,"column":4},"end":{"line":7,"column":5}},{"start":{},"end":{}}],"line":5},"3":{"loc":{"start":{"line":5,"column":8},"end":{"line":5,"column":66}},"type":"binary-expr","locations":[{"start":{"line":5,"column":8},"end":{"line":5,"column":15}},{"start":{"line":5,"column":19},"end":{"line":5,"column":66}}],"line":5},"4":{"loc":{"start":{"line":11,"column":4},"end":{"line":13,"column":5}},"type":"if","locations":[{"start":{"line":11,"column":4},"end":{"line":13,"column":5}},{"start":{},"end":{}}],"line":11},"5":{"loc":{"start":{"line":11,"column":8},"end":{"line":11,"column":55}},"type":"binary-expr","locations":[{"start":{"line":11,"column":8},"end":{"line":11,"column":15}},{"start":{"line":11,"column":19},"end":{"line":11,"column":55}}],"line":11},"6":{"loc":{"start":{"line":14,"column":4},"end":{"line":16,"column":5}},"type":"if","locations":[{"start":{"line":14,"column":4},"end":{"line":16,"column":5}},{"start":{},"end":{}}],"line":14},"7":{"loc":{"start":{"line":14,"column":8},"end":{"line":14,"column":65}},"type":"binary-expr","locations":[{"start":{"line":14,"column":8},"end":{"line":14,"column":15}},{"start":{"line":14,"column":19},"end":{"line":14,"column":65}}],"line":14},"8":{"loc":{"start":{"line":20,"column":11},"end":{"line":20,"column":109}},"type":"binary-expr","locations":[{"start":{"line":20,"column":11},"end":{"line":20,"column":19}},{"start":{"line":20,"column":23},"end":{"line":20,"column":59}},{"start":{"line":20,"column":63},"end":{"line":20,"column":109}}],"line":20}},"s":{"0":2,"1":12,"2":0,"3":12,"4":8,"5":2,"6":2,"7":0,"8":2,"9":2,"10":2,"11":23,"12":2,"13":1,"14":1,"15":2,"16":0,"17":0},"f":{"0":12,"1":2,"2":23,"3":1,"4":0,"5":0},"b":{"0":[0,12],"1":[12,10],"2":[8,4],"3":[12,10],"4":[0,2],"5":[2,2],"6":[2,0],"7":[2,2],"8":[23,23,23]},"_coverageSchema":"1a1c01bbd47fc00a2c39e90264f33305004495a9","hash":"ff2b6d40e2cc60190d2943123027de0aba4e12c6"}
}
